<?xml version="1.0" encoding="UTF-8"?>
<!-- Generated by org.testng.reporters.JUnitReportReporter -->
<testsuite hostname="Laxminarayans-MacBook-Pro.local" failures="0" tests="2" name="WebAutomationTests.tests.StandAloneTest" time="10.212" errors="0" timestamp="2025-09-17T23:11:54 IST" skipped="0">
  <testcase classname="WebAutomationTests.tests.StandAloneTest" name="loginValidations" time="5.862"/>
  <testcase classname="WebAutomationTests.tests.StandAloneTest" name="loginValidations" time="4.350"/>
</testsuite> <!-- WebAutomationTests.tests.StandAloneTest -->
