<?xml version="1.0" encoding="UTF-8"?>
<!-- Generated by org.testng.reporters.JUnitReportReporter -->
<testsuite hostname="Laxminarayans-MacBook-Pro.local" failures="0" tests="2" name="WebAutomationTests.tests.StandAloneTest" time="888.070" errors="0" timestamp="2025-09-19T15:36:22 IST" skipped="0">
  <testcase classname="WebAutomationTests.tests.StandAloneTest" name="loginValidations" time="881.997"/>
  <testcase classname="WebAutomationTests.tests.StandAloneTest" name="loginValidations" time="6.073"/>
</testsuite> <!-- WebAutomationTests.tests.StandAloneTest -->
