<?xml version="1.0" encoding="UTF-8"?>
<!-- Generated by org.testng.reporters.JUnitReportReporter -->
<testsuite hostname="Laxminarayans-MacBook-Pro.local" failures="0" tests="3" name="WebAutomationTests.tests.NegativeTests" time="1510.092" errors="0" timestamp="2025-09-19T15:36:22 IST" skipped="0">
  <testcase classname="WebAutomationTests.tests.NegativeTests" name="loginValidationWithEmptyEmailIdAndEmptyPasswordField" time="5.560"/>
  <testcase classname="WebAutomationTests.tests.NegativeTests" name="loginValidationWithEmptyPasswordField" time="5.526"/>
  <testcase classname="WebAutomationTests.tests.NegativeTests" name="loginValidationWithEmptyEmailIdField" time="1499.006"/>
</testsuite> <!-- WebAutomationTests.tests.NegativeTests -->
